
> cardklash@0.1.0 build /Users/victordedomenico/Projets/bracketfight/apps/cardklash
> prisma generate && next build

Loaded Prisma config from prisma.config.ts.

Prisma schema loaded from ../../packages/db/prisma/schema.prisma.

✔ Generated Prisma Client (v7.8.0) to ./../../node_modules/.pnpm/@prisma+client@7.8.0_prisma@7.8.0_@types+react@19.2.15_react-dom@19.2.4_react@19.2.4__r_9b44924ca1c8bf7c944112217bb1417b/node_modules/@prisma/client in 146ms

Start by importing your Prisma Client (See: https://pris.ly/d/importing-client)


▲ Next.js 16.2.4 (Turbopack)
- Environments: .env.local

  Creating an optimized production build ...
(node:16897) [DEP0205] DeprecationWarning: `module.register()` is deprecated. Use `module.registerHooks()` instead.
(Use `node --trace-deprecation ...` to show where the warning was created)
✓ Compiled successfully in 2.5s
  Running TypeScript ...
  Finished TypeScript in 2.8s ...
  Collecting page data using 1 worker ...
  Generating static pages using 1 worker (0/6) ...
  Generating static pages using 1 worker (1/6) 
  Generating static pages using 1 worker (2/6) 
  Generating static pages using 1 worker (4/6) 
✓ Generating static pages using 1 worker (6/6) in 123ms
  Finalizing page optimization ...

Route (app)
┌ ƒ /
├ ƒ /_not-found
├ ƒ /api/content/collection/[id]/items
├ ƒ /api/content/entity/[id]
├ ƒ /api/content/entity/[id]/items
├ ƒ /api/content/search
├ ƒ /api/guest/ensure
├ ƒ /bracket-game/[id]
├ ƒ /cookies
├ ƒ /create
├ ƒ /create-bracket
├ ƒ /create-tierlist
├ ƒ /explore
├ ○ /icon
├ ƒ /legal
├ ƒ /login
├ ○ /manifest.webmanifest
├ ƒ /my-library
├ ƒ /privacy
├ ○ /robots.txt
├ ƒ /settings
├ ƒ /signup
├ ○ /sitemap.xml
├ ƒ /terms
└ ƒ /tierlist/[id]


○  (Static)   prerendered as static content
ƒ  (Dynamic)  server-rendered on demand

