
> rapklash@0.1.0 build /Users/victordedomenico/Projets/bracketfight/apps/rapklash
> prisma generate && next build

Loaded Prisma config from prisma.config.ts.

Prisma schema loaded from ../../packages/db/prisma/schema.prisma.

✔ Generated Prisma Client (v7.8.0) to ./../../node_modules/.pnpm/@prisma+client@7.8.0_prisma@7.8.0_@types+react@19.2.15_react-dom@19.2.4_react@19.2.4__r_9b44924ca1c8bf7c944112217bb1417b/node_modules/@prisma/client in 161ms

Start by importing your Prisma Client (See: https://pris.ly/d/importing-client)


▲ Next.js 16.2.4 (Turbopack)

  Creating an optimized production build ...
(node:49269) [DEP0205] DeprecationWarning: `module.register()` is deprecated. Use `module.registerHooks()` instead.
(Use `node --trace-deprecation ...` to show where the warning was created)
✓ Compiled successfully in 5.3s
  Running TypeScript ...
  Finished TypeScript in 5.0s ...
  Collecting page data using 11 workers ...
  Generating static pages using 11 workers (0/7) ...
  Generating static pages using 11 workers (1/7) 
  Generating static pages using 11 workers (3/7) 
  Generating static pages using 11 workers (5/7) 
✓ Generating static pages using 11 workers (7/7) in 224ms
  Finalizing page optimization ...

Route (app)
┌ ƒ /
├ ƒ /_not-found
├ ƒ /api/content/collection/[id]/items
├ ƒ /api/content/entity/[id]
├ ƒ /api/content/entity/[id]/items
├ ƒ /api/content/search
├ ƒ /api/genius/search
├ ƒ /api/guest/ensure
├ ƒ /blindtest/[id]
├ ƒ /bracket-game/[id]
├ ƒ /cookies
├ ƒ /create
├ ƒ /create-bracket
├ ƒ /create-tierlist
├ ƒ /explore
├ ○ /icon
├ ƒ /legal
├ ƒ /login
├ ○ /manifest.webmanifest
├ ƒ /my-library
├ ƒ /privacy
├ ○ /robots.txt
├ ƒ /settings
├ ƒ /signup
├ ○ /sitemap.xml
├ ƒ /terms
└ ƒ /tierlist/[id]


○  (Static)   prerendered as static content
ƒ  (Dynamic)  server-rendered on demand

